<?xml version="1.0" encoding="UTF-8"?>
<!-- Generated by org.testng.reporters.JUnitReportReporter -->
<testsuite hostname="PTPLL622" failures="0" tests="2" name="testrunner.runner" time="13.662" errors="1" timestamp="08 Jan 2025 05:22:20 GMT" skipped="0">
  <testcase classname="testrunner.runner" name="runScenario" time="13.544"/>
  <testcase classname="testrunner.runner" name="runScenario" time="0.118">
    <error message="Cannot invoke &quot;org.openqa.selenium.WebDriver.findElement(org.openqa.selenium.By)&quot; because &quot;driver&quot; is null" type="java.lang.NullPointerException">
      <![CDATA[java.lang.NullPointerException: Cannot invoke "org.openqa.selenium.WebDriver.findElement(org.openqa.selenium.By)" because "driver" is null
at org.openqa.selenium.support.ui.ExpectedConditions$7.apply(ExpectedConditions.java:194)
at org.openqa.selenium.support.ui.ExpectedConditions$7.apply(ExpectedConditions.java:190)
at org.openqa.selenium.support.ui.ExpectedConditions$22.apply(ExpectedConditions.java:627)
at org.openqa.selenium.support.ui.ExpectedConditions$22.apply(ExpectedConditions.java:624)
at org.openqa.selenium.support.ui.FluentWait.until(FluentWait.java:203)
at steps.creationofpackage.userShouldClickOnTheCreateNewButton(creationofpackage.java:28)
at ✽.User should click on the create new button(file:///C:/Users/sreenithish.r/eclipse-workspace/WebAutomation/src/test/java/stories/packagecreation.feature:4)
]]>
    </error>
  </testcase> <!-- runScenario -->
</testsuite> <!-- testrunner.runner -->
